<?xml version="1.0" encoding="UTF-8"?>
<testng-results ignored="0" total="1" passed="1" failed="0" skipped="0">
  <reporter-output>
  </reporter-output>
  <suite started-at="2024-03-15T08:11:09 PDT" name="Default suite" finished-at="2024-03-15T08:11:42 PDT" duration-ms="32994">
    <groups>
    </groups>
    <test started-at="2024-03-15T08:11:09 PDT" name="Default test" finished-at="2024-03-15T08:11:42 PDT" duration-ms="32994">
      <class name="basic.OrganizationTest">
        <test-method signature="CreateOrganizationTest()[pri:0, instance:basic.OrganizationTest@47d90b9e]" started-at="2024-03-15T08:11:09 PDT" name="CreateOrganizationTest" finished-at="2024-03-15T08:11:42 PDT" duration-ms="32913" status="PASS">
          <reporter-output>
          </reporter-output>
        </test-method> <!-- CreateOrganizationTest -->
      </class> <!-- basic.OrganizationTest -->
    </test> <!-- Default test -->
  </suite> <!-- Default suite -->
</testng-results>
